Array
(
    [email] => test@mail.com
    [password] => zfzzfds
)
Array
(
    [email] => test@mail.com
    [password] => zfzzfds
)
Array
(
    [email] => test@mail.com
    [password] => zfzzfds
)
Array
(
    [email] => test@mail.com
    [password] => zageag
)
Array
(
    [email] => test@mail.com
    [password] => zageag
)
Array
(
    [email] => test@mail.com
    [password] => zageag
)
Array
(
    [email] => test@mail.com
    [password] => zageag
)
Array
(
    [email] => test@mail.com
    [password] => zageag
)
Array
(
    [email] => test@mail.com
    [password] => zageag
)
Array
(
    [email] => test@mail.com
    [password] => zageag
)
Array
(
    [email] => test@mail.com
    [password] => zageag
)
Array
(
    [email] => test@mail.com
    [password] => zageag
)
Array
(
    [email] => test@mail.com
    [password] => zageag
)
Array
(
    [email] => test@mail.com
    [password] => zageag
)
Array
(
    [email] => test@mail.com
    [password] => zageag
)
